2025-06-01 04:11:05,965 - root - INFO - \U0001f6d1 SIGINT empfangen. Beende Anwendung...
2025-06-01 04:11:05,966 - root - INFO - \U0001f53b Anwendung wird beendet.
2025-06-01 04:11:05,967 - root - INFO - \U0001f53b Anwendung wird beendet.
2025-06-01 04:11:06,267 - root - INFO - \U0001f6d1 SIGINT empfangen. Beende Anwendung...
2025-06-01 04:11:06,268 - root - INFO - \U0001f53b Anwendung wird beendet.
2025-06-01 04:11:06,271 - root - INFO - \U0001f53b Anwendung wird beendet.
2025-06-01 04:11:10,911 - init_db_core - INFO - \u2705 Datenbank initialisiert/aktualisiert (C:\FUR-LANG-Modul\try-main\data\admin_users.db)
2025-06-01 04:11:11,265 - root - INFO - \u2705 GitHub Repo geladen: Rabbit-Fur/try
2025-06-01 04:11:11,266 - root - INFO - \U0001f517 https://github.com/Rabbit-Fur/try
2025-06-01 04:11:11,268 - root - INFO - \U0001f916 Starte Discord-Bot...
2025-06-01 04:11:11,269 - root - INFO - \U0001f310 Starte Webserver auf http://localhost:8080 (Debug=True)
2025-06-01 04:11:11,448 - werkzeug - INFO - [31m[1mWARNING: This is a development server. Do not use it in a production deployment. Use a production WSGI server instead.[0m
 * Running on all addresses (0.0.0.0)
 * Running on http://127.0.0.1:8080
 * Running on http://192.168.0.165:8080
2025-06-01 04:11:11,449 - werkzeug - INFO - [33mPress CTRL+C to quit[0m
2025-06-01 04:11:11,461 - werkzeug - INFO -  * Restarting with stat
2025-06-01 04:11:13,926 - bot.bot_main - INFO - \U0001f680 Discord-Bot wird gestartet...
2025-06-01 04:11:13,932 - discord.client - INFO - logging in using static token
2025-06-01 04:11:15,514 - discord.gateway - INFO - Shard ID None has connected to Gateway (Session ID: f9901255798d85f88e4b6848f85a1485).
2025-06-01 04:11:17,103 - init_db_core - INFO - \u2705 Datenbank initialisiert/aktualisiert (C:\FUR-LANG-Modul\try-main\data\admin_users.db)
2025-06-01 04:11:17,424 - root - INFO - \u2705 GitHub Repo geladen: Rabbit-Fur/try
2025-06-01 04:11:17,425 - root - INFO - \U0001f517 https://github.com/Rabbit-Fur/try
2025-06-01 04:11:17,429 - root - INFO - \U0001f916 Starte Discord-Bot...
2025-06-01 04:11:17,430 - root - INFO - \U0001f310 Starte Webserver auf http://localhost:8080 (Debug=True)
2025-06-01 04:11:17,532 - bot.bot_main - INFO - \u2705 Eingeloggt als FUR Event Bot#0840 (ID: 1362888688991731963)
2025-06-01 04:11:17,622 - werkzeug - WARNING -  * Debugger is active!
2025-06-01 04:11:17,656 - werkzeug - INFO -  * Debugger PIN: 121-602-561
2025-06-01 04:11:20,123 - bot.bot_main - INFO - \U0001f680 Discord-Bot wird gestartet...
2025-06-01 04:11:20,128 - discord.client - INFO - logging in using static token
2025-06-01 04:11:21,430 - discord.gateway - INFO - Shard ID None has connected to Gateway (Session ID: e5fcf607361b9cb444a5c481657a5f2a).
2025-06-01 04:11:23,459 - bot.bot_main - INFO - \u2705 Eingeloggt als FUR Event Bot#0840 (ID: 1362888688991731963)
2025-06-01 04:11:57,360 - werkzeug - INFO - 127.0.0.1 - - [01/Jun/2025 04:11:57] "GET / HTTP/1.1" 200 -
2025-06-01 04:12:05,828 - werkzeug - INFO - 127.0.0.1 - - [01/Jun/2025 04:12:05] "GET /login HTTP/1.1" 200 -
2025-06-01 04:12:06,698 - werkzeug - INFO - 127.0.0.1 - - [01/Jun/2025 04:12:06] "GET /login HTTP/1.1" 200 -
2025-06-01 04:16:34,179 - werkzeug - INFO -  * Detected change in 'C:\\FUR-LANG-Modul\\try-main\\blueprints\\public_routes.py', reloading
2025-06-01 04:16:34,180 - root - INFO - \U0001f53b Anwendung wird beendet.
2025-06-01 04:16:34,359 - werkzeug - INFO -  * Restarting with stat
2025-06-01 04:16:37,826 - init_db_core - INFO - \u2705 Datenbank initialisiert/aktualisiert (C:\FUR-LANG-Modul\try-main\data\admin_users.db)
2025-06-01 04:16:38,173 - root - INFO - \u2705 GitHub Repo geladen: Rabbit-Fur/try
2025-06-01 04:16:38,174 - root - INFO - \U0001f517 https://github.com/Rabbit-Fur/try
2025-06-01 04:16:38,177 - root - INFO - \U0001f916 Starte Discord-Bot...
2025-06-01 04:16:38,177 - root - INFO - \U0001f310 Starte Webserver auf http://localhost:8080 (Debug=True)
2025-06-01 04:16:38,278 - werkzeug - WARNING -  * Debugger is active!
2025-06-01 04:16:38,295 - werkzeug - INFO -  * Debugger PIN: 121-602-561
2025-06-01 04:16:39,687 - bot.bot_main - INFO - \U0001f680 Discord-Bot wird gestartet...
2025-06-01 04:16:39,691 - discord.client - INFO - logging in using static token
2025-06-01 04:16:40,797 - discord.gateway - INFO - Shard ID None has connected to Gateway (Session ID: 08841e68e000d5aa2bc13dcc1c34b17e).
2025-06-01 04:16:42,810 - bot.bot_main - INFO - \u2705 Eingeloggt als FUR Event Bot#0840 (ID: 1362888688991731963)
2025-06-01 04:21:34,299 - werkzeug - INFO -  * Detected change in 'C:\\FUR-LANG-Modul\\try-main\\init_db_core.py', reloading
2025-06-01 04:21:34,300 - root - INFO - \U0001f53b Anwendung wird beendet.
2025-06-01 04:21:34,542 - werkzeug - INFO -  * Restarting with stat
2025-06-01 04:21:37,108 - root - INFO - \U0001f53b Anwendung wird beendet.
2025-06-01 04:22:52,636 - init_db_core - INFO - \u2705 Datenbank initialisiert/aktualisiert (C:\FUR-LANG-Modul\try-main\data\admin_users.db)
2025-06-01 04:22:52,990 - root - INFO - \u2705 GitHub Repo geladen: Rabbit-Fur/try
2025-06-01 04:22:52,991 - root - INFO - \U0001f517 https://github.com/Rabbit-Fur/try
2025-06-01 04:22:52,995 - root - INFO - \U0001f916 Starte Discord-Bot...
2025-06-01 04:22:52,996 - root - INFO - \U0001f310 Starte Webserver auf http://localhost:8080 (Debug=True)
2025-06-01 04:22:53,264 - werkzeug - INFO - [31m[1mWARNING: This is a development server. Do not use it in a production deployment. Use a production WSGI server instead.[0m
 * Running on all addresses (0.0.0.0)
 * Running on http://127.0.0.1:8080
 * Running on http://192.168.0.165:8080
2025-06-01 04:22:53,264 - werkzeug - INFO - [33mPress CTRL+C to quit[0m
2025-06-01 04:22:53,286 - werkzeug - INFO -  * Restarting with stat
2025-06-01 04:22:55,944 - bot.bot_main - INFO - \U0001f680 Discord-Bot wird gestartet...
2025-06-01 04:22:55,949 - discord.client - INFO - logging in using static token
2025-06-01 04:22:57,073 - discord.gateway - INFO - Shard ID None has connected to Gateway (Session ID: dcdd9481750affbd1af6cc8bceeb511b).
2025-06-01 04:22:59,085 - bot.bot_main - INFO - \u2705 Eingeloggt als FUR Event Bot#0840 (ID: 1362888688991731963)
2025-06-01 04:22:59,157 - init_db_core - INFO - \u2705 Datenbank initialisiert/aktualisiert (C:\FUR-LANG-Modul\try-main\data\admin_users.db)
2025-06-01 04:22:59,485 - root - INFO - \u2705 GitHub Repo geladen: Rabbit-Fur/try
2025-06-01 04:22:59,486 - root - INFO - \U0001f517 https://github.com/Rabbit-Fur/try
2025-06-01 04:22:59,490 - root - INFO - \U0001f916 Starte Discord-Bot...
2025-06-01 04:22:59,491 - root - INFO - \U0001f310 Starte Webserver auf http://localhost:8080 (Debug=True)
2025-06-01 04:22:59,679 - werkzeug - WARNING -  * Debugger is active!
2025-06-01 04:22:59,719 - werkzeug - INFO -  * Debugger PIN: 121-602-561
2025-06-01 04:23:02,448 - bot.bot_main - INFO - \U0001f680 Discord-Bot wird gestartet...
2025-06-01 04:23:02,452 - discord.client - INFO - logging in using static token
2025-06-01 04:23:03,479 - discord.gateway - INFO - Shard ID None has connected to Gateway (Session ID: cb8d43552857a783d236625d26686d0f).
2025-06-01 04:23:05,489 - bot.bot_main - INFO - \u2705 Eingeloggt als FUR Event Bot#0840 (ID: 1362888688991731963)
2025-06-01 04:25:09,071 - root - INFO - \U0001f6d1 SIGINT empfangen. Beende Anwendung...
2025-06-01 04:25:09,073 - root - INFO - \U0001f53b Anwendung wird beendet.
2025-06-01 04:25:09,073 - root - INFO - \U0001f53b Anwendung wird beendet.
2025-06-01 04:25:09,334 - root - INFO - \U0001f6d1 SIGINT empfangen. Beende Anwendung...
2025-06-01 04:25:09,335 - root - INFO - \U0001f53b Anwendung wird beendet.
2025-06-01 04:25:09,337 - root - INFO - \U0001f53b Anwendung wird beendet.
2025-06-01 04:29:03,493 - init_db_core - INFO - \u2705 Datenbank initialisiert/aktualisiert (C:\FUR-LANG-Modul\try-main\data\admin_users.db)
2025-06-01 04:29:03,820 - root - INFO - \u2705 GitHub Repo geladen: Rabbit-Fur/try
2025-06-01 04:29:03,820 - root - INFO - \U0001f517 https://github.com/Rabbit-Fur/try
2025-06-01 04:29:03,822 - root - INFO - \U0001f916 Starte Discord-Bot...
2025-06-01 04:29:03,823 - root - INFO - \U0001f310 Starte Webserver auf http://localhost:8080 (Debug=True)
2025-06-01 04:29:03,971 - werkzeug - INFO - [31m[1mWARNING: This is a development server. Do not use it in a production deployment. Use a production WSGI server instead.[0m
 * Running on all addresses (0.0.0.0)
 * Running on http://127.0.0.1:8080
 * Running on http://192.168.0.165:8080
2025-06-01 04:29:03,971 - werkzeug - INFO - [33mPress CTRL+C to quit[0m
2025-06-01 04:29:03,982 - werkzeug - INFO -  * Restarting with stat
2025-06-01 04:29:06,330 - bot.bot_main - INFO - \U0001f680 Discord-Bot wird gestartet...
2025-06-01 04:29:06,340 - bot.bot_main - ERROR - \u274c Fehler beim Laden des Reminder-Cogs: Extension 'bot.cogs.reminder_autopilot' could not be loaded or found.
2025-06-01 04:29:06,340 - discord.client - INFO - logging in using static token
2025-06-01 04:29:07,440 - discord.gateway - INFO - Shard ID None has connected to Gateway (Session ID: 3a48e2a25524fad21668b93608021e75).
2025-06-01 04:29:09,467 - bot.bot_main - INFO - \u2705 Eingeloggt als FUR Event Bot#0840 (ID: 1362888688991731963)
2025-06-01 04:29:09,541 - init_db_core - INFO - \u2705 Datenbank initialisiert/aktualisiert (C:\FUR-LANG-Modul\try-main\data\admin_users.db)
2025-06-01 04:29:09,851 - root - INFO - \u2705 GitHub Repo geladen: Rabbit-Fur/try
2025-06-01 04:29:09,852 - root - INFO - \U0001f517 https://github.com/Rabbit-Fur/try
2025-06-01 04:29:09,855 - root - INFO - \U0001f916 Starte Discord-Bot...
2025-06-01 04:29:09,856 - root - INFO - \U0001f310 Starte Webserver auf http://localhost:8080 (Debug=True)
2025-06-01 04:29:09,976 - werkzeug - WARNING -  * Debugger is active!
2025-06-01 04:29:09,997 - werkzeug - INFO -  * Debugger PIN: 121-602-561
2025-06-01 04:29:12,056 - bot.bot_main - INFO - \U0001f680 Discord-Bot wird gestartet...
2025-06-01 04:29:12,066 - bot.bot_main - ERROR - \u274c Fehler beim Laden des Reminder-Cogs: Extension 'bot.cogs.reminder_autopilot' could not be loaded or found.
2025-06-01 04:29:12,067 - discord.client - INFO - logging in using static token
2025-06-01 04:29:13,505 - discord.gateway - INFO - Shard ID None has connected to Gateway (Session ID: 02febf0c28bcf138532e45b28032322d).
2025-06-01 04:29:15,542 - bot.bot_main - INFO - \u2705 Eingeloggt als FUR Event Bot#0840 (ID: 1362888688991731963)
2025-06-01 04:29:34,448 - werkzeug - INFO - 127.0.0.1 - - [01/Jun/2025 04:29:34] "GET /login HTTP/1.1" 200 -
2025-06-01 04:29:38,584 - werkzeug - INFO - 127.0.0.1 - - [01/Jun/2025 04:29:38] "GET / HTTP/1.1" 200 -
2025-06-01 04:43:36,086 - werkzeug - INFO -  * Detected change in 'C:\\FUR-LANG-Modul\\try-main\\dashboard\\routes.py', reloading
2025-06-01 04:43:36,087 - root - INFO - \U0001f53b Anwendung wird beendet.
2025-06-01 04:43:36,341 - werkzeug - INFO -  * Restarting with stat
2025-06-01 04:43:40,132 - root - INFO - \U0001f53b Anwendung wird beendet.
